<?xml version="1.0" encoding="UTF-8"?>
<!-- Generated by org.testng.reporters.JUnitReportReporter -->
<testsuite skipped="0" hostname="Musa-Air.attlocal.net" name="com.syntax.class02.IssueWithoutAssert" tests="2" failures="0" timestamp="2020-09-06T00:46:07 EDT" time="10.498" errors="0">
  <testcase name="titleValidation" time="3.186" classname="com.syntax.class02.IssueWithoutAssert"/>
  <system-out/>
  <testcase name="validLogin" time="7.312" classname="com.syntax.class02.IssueWithoutAssert"/>
  <system-out/>
</testsuite> <!-- com.syntax.class02.IssueWithoutAssert -->
