<?xml version="1.0" encoding="UTF-8"?>
<!-- Generated by org.testng.reporters.JUnitReportReporter -->
<testsuite skipped="0" hostname="Musa-Air.attlocal.net" name="com.syntax.class03.GroupsExample" tests="1" failures="0" timestamp="2020-09-06T00:41:19 EDT" time="14.169" errors="0">
  <testcase name="validLogin" time="14.169" classname="com.syntax.class03.GroupsExample"/>
  <system-out/>
</testsuite> <!-- com.syntax.class03.GroupsExample -->
