<?xml version="1.0" encoding="UTF-8"?>
<!-- Generated by org.testng.reporters.JUnitReportReporter -->
<testsuite skipped="0" hostname="Musa-Air.attlocal.net" name="com.syntax.class02.AllAnnotations" tests="3" failures="0" timestamp="2020-09-06T00:46:07 EDT" time="0.009" errors="0">
  <testcase name="testMethod2" time="0.002" classname="com.syntax.class02.AllAnnotations"/>
  <system-out/>
  <testcase name="testMethod3" time="0.004" classname="com.syntax.class02.AllAnnotations"/>
  <system-out/>
  <testcase name="testMethod1" time="0.003" classname="com.syntax.class02.AllAnnotations"/>
  <system-out/>
</testsuite> <!-- com.syntax.class02.AllAnnotations -->
