<?xml version="1.0" encoding="UTF-8"?>
<!-- Generated by org.testng.reporters.JUnitReportReporter -->
<testsuite skipped="0" hostname="Musa-Air.attlocal.net" name="com.syntax.class01.Task" tests="1" failures="0" timestamp="2020-09-08T19:34:01 EDT" time="0.011" errors="0">
  <testcase name="number" time="0.011" classname="com.syntax.class01.Task"/>
  <system-out/>
</testsuite> <!-- com.syntax.class01.Task -->
